0 0
0.1 0
0.2 0
0.3 0
0.4 0
0.5 0
0.6 0
0.7 0
0.8 0
0.9 0
1 0
1.1 0
1.2 0
1.3 0
1.4 0
1.5 0
1.6 0
1.7 0
1.8 0
1.9 0
2 0
2.1 0
2.2 0
2.3 0
2.4 0
2.5 0
2.6 0
2.7 0
2.8 0
2.9 0
3 0
3.1 0
3.2 0
3.3 0
3.4 0
3.5 0
3.6 0
3.7 0
3.8 0
3.9 0
4 0
4.1 0
4.2 0
4.3 0
4.4 0
4.5 0
4.6 0
4.7 0
4.8 0
4.9 0
5 0
5.1 0
5.2 0
5.3 0
5.4 0
5.5 0
5.6 0
5.7 0
5.8 0
5.9 0
6 0
6.1 0
6.2 0
6.3 0
6.4 0
6.5 0
6.6 0
6.7 0
6.8 0
6.9 0
7 0
7.1 0
7.2 0
7.3 0
7.4 0
7.5 0
7.6 0
7.7 0
7.8 0
7.9 0
8 0
8.1 0
8.2 0
8.3 0
8.4 0
8.5 0
8.6 0
8.7 0
8.8 0
8.9 0
9 0
9.1 0
9.2 0
9.3 0
9.4 0
9.5 0
9.6 0
9.7 0
9.8 0
9.9 0
10 0
10.1 0
10.2 0
10.3 0
10.4 0
10.5 0
10.6 0
10.7 0
10.8 0
10.9 0
11 0
11.1 0
11.2 0
11.3 0
11.4 0
11.5 0
11.6 0
11.7 0
11.8 0
11.9 0
12 0
12.1 0
12.2 0
12.3 0
12.4 0
12.5 0
12.6 0
12.7 0
12.8 0
12.9 0
13 0
13.1 0
13.2 0
13.3 0
13.4 0
13.5 0
13.6 0
13.7 0
13.8 0
13.9 0
14 0
14.1 0
14.2 0
14.3 0
14.4 0
14.5 0
14.6 0
14.7 0
14.8 0
14.9 0
15 0
15.1 6
15.2 6
15.3 6
15.4 6
15.5 6
15.6 6
15.7 6
15.8 6
15.9 6
16 6
16.1 6
16.2 6
16.3 6
16.4 6
16.5 6
16.6 6
16.7 6
16.8 6
16.9 6
17 6
17.1 6
17.2 6
17.3 6
17.4 6
17.5 6
17.6 6
17.7 6
17.8 6
17.9 6
18 6
18.1 6
18.2 6
18.3 6
18.4 6
18.5 6
18.6 6
18.7 6
18.8 6
18.9 6
19 6
19.1 6
19.2 6
19.3 6
19.4 6
19.5 6
19.6 6
19.7 6
19.8 6
19.9 6
20 10
20.1 10
20.2 10
20.3 10
20.4 10
20.5 10
20.6 10
20.7 10
20.8 10
20.9 10
21 10
21.1 10
21.2 10
21.3 10
21.4 10
21.5 10
21.6 10
21.7 10
21.8 10
21.9 10
22 10
22.1 10
22.2 10
22.3 10
22.4 10
22.5 10
22.6 10
22.7 10
22.8 10
22.9 10
23 10
23.1 10
23.2 10
23.3 10
23.4 10
23.5 10
23.6 10
23.7 10
23.8 10
23.9 10
24 10
24.1 10
24.2 10
24.3 10
24.4 10
24.5 10
24.6 10
24.7 10
24.8 10
24.9 10
25 10
25.1 10
25.2 10
25.3 10
25.4 10
25.5 10
25.6 10
25.7 10
25.8 10
25.9 10
26 10
26.1 10
26.2 10
26.3 10
26.4 10
26.5 10
26.6 10
26.7 10
26.8 10
26.9 10
27 10
27.1 10
27.2 10
27.3 10
27.4 10
27.5 10
27.6 10
27.7 10
27.8 10
27.9 10
28 10
28.1 10
28.2 10
28.3 10
28.4 10
28.5 10
28.6 10
28.7 10
28.8 10
28.9 10
29 10
29.1 10
29.2 10
29.3 10
29.4 10
29.5 10
29.6 10
29.7 10
29.8 10
29.9 10
30 0
30.1 0
30.2 0
30.3 0
30.4 0
30.5 0
30.6 0
30.7 0
30.8 0
30.9 0
31 0
31.1 0
31.2 0
31.3 0
31.4 0
31.5 0
31.6 0
31.7 0
31.8 0
31.9 0
32 0
32.1 0
32.2 0
32.3 0
32.4 0
32.5 0
32.6 0
32.7 0
32.8 0
32.9 0
33 0
33.1 0
33.2 0
33.3 0
33.4 0
33.5 0
33.6 0
33.7 0
33.8 0
33.9 0
34 0
34.1 0
34.2 0
34.3 0
34.4 0
34.5 0
34.6 0
34.7 0
34.8 0
34.9 0
35 0
35.1 0
35.2 0
35.3 0
35.4 0
35.5 0
35.6 0
35.7 0
35.8 0
35.9 0
36 0
36.1 0
36.2 0
36.3 0
36.4 0
36.5 0
36.6 0
36.7 0
36.8 0
36.9 0
37 0
37.1 0
37.2 0
37.3 0
37.4 0
37.5 0
37.6 0
37.7 0
37.8 0
37.9 0
38 0
38.1 0
38.2 0
38.3 0
38.4 0
38.5 0
38.6 0
38.7 0
38.8 0
38.9 0
39 0
39.1 0
39.2 0
39.3 0
39.4 0
39.5 0
39.6 0
39.7 0
39.8 0
39.9 0
40 10
40.1 10
40.2 10
40.3 10
40.4 10
40.5 10
40.6 10
40.7 10
40.8 10
40.9 10
41 10
41.1 10
41.2 10
41.3 10
41.4 10
41.5 10
41.6 10
41.7 10
41.8 10
41.9 10
42 10
42.1 10
42.2 10
42.3 10
42.4 10
42.5 10
42.6 10
42.7 10
42.8 10
42.9 10
43 10
43.1 10
43.2 10
43.3 10
43.4 10
43.5 10
43.6 10
43.7 10
43.8 10
43.9 10
44 10
44.1 10
44.2 10
44.3 10
44.4 10
44.5 10
44.6 10
44.7 10
44.8 10
44.9 10
45 10
45.1 10
45.2 10
45.3 10
45.4 10
45.5 10
45.6 10
45.7 10
45.8 10
45.9 10
46 10
46.1 10
46.2 10
46.3 10
46.4 10
46.5 10
46.6 10
46.7 10
46.8 10
46.9 10
47 10
47.1 10
47.2 10
47.3 10
47.4 10
47.5 10
47.6 10
47.7 10
47.8 10
47.9 10
48 10
48.1 10
48.2 10
48.3 10
48.4 10
48.5 10
48.6 10
48.7 10
48.8 10
48.9 10
49 10
49.1 10
49.2 10
49.3 10
49.4 10
49.5 10
49.6 10
49.7 10
49.8 10
49.9 10
50 0
50.1 0
50.2 0
50.3 0
50.4 0
50.5 0
50.6 0
50.7 0
50.8 0
50.9 0
51 0
51.1 0
51.2 0
51.3 0
51.4 0
51.5 0
51.6 0
51.7 0
51.8 0
51.9 0
52 0
52.1 0
52.2 0
52.3 0
52.4 0
52.5 0
52.6 0
52.7 0
52.8 0
52.9 0
53 0
53.1 0
53.2 0
53.3 0
53.4 0
53.5 0
53.6 0
53.7 0
53.8 0
53.9 0
54 0
54.1 0
54.2 0
54.3 0
54.4 0
54.5 0
54.6 0
54.7 0
54.8 0
54.9 0
55 0
55.1 0
55.2 0
55.3 0
55.4 0
55.5 0
55.6 0
55.7 0
55.8 0
55.9 0
56 0
56.1 0
56.2 0
56.3 0
56.4 0
56.5 0
56.6 0
56.7 0
56.8 0
56.9 0
57 0
57.1 0
57.2 0
57.3 0
57.4 0
57.5 0
57.6 0
57.7 0
57.8 0
57.9 0
58 0
58.1 0
58.2 0
58.3 0
58.4 0
58.5 0
58.6 0
58.7 0
58.8 0
58.9 0
59 0
59.1 0
59.2 0
59.3 0
59.4 0
59.5 0
59.6 0
59.7 0
59.8 0
59.9 0
60 10
60.1 10
60.2 10
60.3 10
60.4 10
60.5 10
60.6 10
60.7 10
60.8 10
60.9 10
61 10
61.1 10
61.2 10
61.3 10
61.4 10
61.5 10
61.6 10
61.7 10
61.8 10
61.9 10
62 10
62.1 10
62.2 10
62.3 10
62.4 10
62.5 10
62.6 10
62.7 10
62.8 10
62.9 10
63 10
63.1 10
63.2 10
63.3 10
63.4 10
63.5 10
63.6 10
63.7 10
63.8 10
63.9 10
64 10
64.1 10
64.2 10
64.3 10
64.4 10
64.5 10
64.6 10
64.7 10
64.8 10
64.9 10
65 10
65.1 10
65.2 10
65.3 10
65.4 10
65.5 10
65.6 10
65.7 10
65.8 10
65.9 10
66 10
66.1 10
66.2 10
66.3 10
66.4 10
66.5 10
66.6 10
66.7 10
66.8 10
66.9 10
67 10
67.1 10
67.2 10
67.3 10
67.4 10
67.5 10
67.6 10
67.7 10
67.8 10
67.9 10
68 10
68.1 10
68.2 10
68.3 10
68.4 10
68.5 10
68.6 10
68.7 10
68.8 10
68.9 10
69 10
69.1 10
69.2 10
69.3 10
69.4 10
69.5 10
69.6 10
69.7 10
69.8 10
69.9 10
70 0
70.1 0
70.2 0
70.3 0
70.4 0
70.5 0
70.6 0
70.7 0
70.8 0
70.9 0
71 0
71.1 0
71.2 0
71.3 0
71.4 0
71.5 0
71.6 0
71.7 0
71.8 0
71.9 0
72 0
72.1 0
72.2 0
72.3 0
72.4 0
72.5 0
72.6 0
72.7 0
72.8 0
72.9 0
73 0
73.1 0
73.2 0
73.3 0
73.4 0
73.5 0
73.6 0
73.7 0
73.8 0
73.9 0
74 0
74.1 0
74.2 0
74.3 0
74.4 0
74.5 0
74.6 0
74.7 0
74.8 0
74.9 0
75 0
75.1 0
75.2 0
75.3 0
75.4 0
75.5 0
75.6 0
75.7 0
75.8 0
75.9 0
76 0
76.1 0
76.2 0
76.3 0
76.4 0
76.5 0
76.6 0
76.7 0
76.8 0
76.9 0
77 0
77.1 0
77.2 0
77.3 0
77.4 0
77.5 0
77.6 0
77.7 0
77.8 0
77.9 0
78 0
78.1 0
78.2 0
78.3 0
78.4 0
78.5 0
78.6 0
78.7 0
78.8 0
78.9 0
79 0
79.1 0
79.2 0
79.3 0
79.4 0
79.5 0
79.6 0
79.7 0
79.8 0
79.9 0
80 0
80.1 10
80.2 10
80.3 10
80.4 10
80.5 10
80.6 10
80.7 10
80.8 10
80.9 10
81 10
81.1 10
81.2 10
81.3 10
81.4 10
81.5 10
81.6 10
81.7 10
81.8 10
81.9 10
82 10
82.1 10
82.2 10
82.3 10
82.4 10
82.5 10
82.6 10
82.7 10
82.8 10
82.9 10
83 10
83.1 10
83.2 10
83.3 10
83.4 10
83.5 10
83.6 10
83.7 10
83.8 10
83.9 10
84 10
84.1 10
84.2 10
84.3 10
84.4 10
84.5 10
84.6 10
84.7 10
84.8 10
84.9 10
85 10
85.1 10
85.2 10
85.3 10
85.4 10
85.5 10
85.6 10
85.7 10
85.8 10
85.9 10
86 10
86.1 10
86.2 10
86.3 10
86.4 10
86.5 10
86.6 10
86.7 10
86.8 10
86.9 10
87 10
87.1 10
87.2 10
87.3 10
87.4 10
87.5 10
87.6 10
87.7 10
87.8 10
87.9 10
88 10
88.1 10
88.2 10
88.3 10
88.4 10
88.5 10
88.6 10
88.7 10
88.8 10
88.9 10
89 10
89.1 10
89.2 10
89.3 10
89.4 10
89.5 10
89.6 10
89.7 10
89.8 10
89.9 10
90 10
90.1 0
90.2 0
90.3 0
90.4 0
90.5 0
90.6 0
90.7 0
90.8 0
90.9 0
91 0
91.1 0
91.2 0
91.3 0
91.4 0
91.5 0
91.6 0
91.7 0
91.8 0
91.9 0
92 0
92.1 0
92.2 0
92.3 0
92.4 0
92.5 0
92.6 0
92.7 0
92.8 0
92.9 0
93 0
93.1 0
93.2 0
93.3 0
93.4 0
93.5 0
93.6 0
93.7 0
93.8 0
93.9 0
94 0
94.1 0
94.2 0
94.3 0
94.4 0
94.5 0
94.6 0
94.7 0
94.8 0
94.9 0
95 0
95.1 0
95.2 0
95.3 0
95.4 0
95.5 0
95.6 0
95.7 0
95.8 0
95.9 0
96 0
96.1 0
96.2 0
96.3 0
96.4 0
96.5 0
96.6 0
96.7 0
96.8 0
96.9 0
97 0
97.1 0
97.2 0
97.3 0
97.4 0
97.5 0
97.6 0
97.7 0
97.8 0
97.9 0
98 0
98.1 0
98.2 0
98.3 0
98.4 0
98.5 0
98.6 0
98.7 0
98.8 0
98.9 0
99 0
99.1 0
99.2 0
99.3 0
99.4 0
99.5 0
99.6 0
99.7 0
99.8 0
99.9 0
100 0
100.1 10
100.2 10
100.3 10
100.4 10
100.5 10
100.6 10
100.7 10
100.8 10
100.9 10
101 10
101.1 10
101.2 10
101.3 10
101.4 10
101.5 10
101.6 10
101.7 10
101.8 10
101.9 10
102 10
102.1 10
102.2 10
102.3 10
102.4 10
102.5 10
102.6 10
102.7 10
102.8 10
102.9 10
103 10
103.1 10
103.2 10
103.3 10
103.4 10
103.5 10
103.6 10
103.7 10
103.8 10
103.9 10
104 10
104.1 10
104.2 10
104.3 10
104.4 10
104.5 10
104.6 10
104.7 10
104.8 10
104.9 10
105 10
105.1 10
105.2 10
105.3 10
105.4 10
105.5 10
105.6 10
105.7 10
105.8 10
105.9 10
106 10
106.1 10
106.2 10
106.3 10
106.4 10
106.5 10
106.6 10
106.7 10
106.8 10
106.9 10
107 10
107.1 10
107.2 10
107.3 10
107.4 10
107.5 10
107.6 10
107.7 10
107.8 10
107.9 10
108 10
108.1 10
108.2 10
108.3 10
108.4 10
108.5 10
108.6 10
108.7 10
108.8 10
108.9 10
109 10
109.1 10
109.2 10
109.3 10
109.4 10
109.5 10
109.6 10
109.7 10
109.8 10
109.9 10
110 10
110.1 0
110.2 0
110.3 0
110.4 0
110.5 0
110.6 0
110.7 0
110.8 0
110.9 0
111 0
111.1 0
111.2 0
111.3 0
111.4 0
111.5 0
111.6 0
111.7 0
111.8 0
111.9 0
112 0
112.1 0
112.2 0
112.3 0
112.4 0
112.5 0
112.6 0
112.7 0
112.8 0
112.9 0
113 0
113.1 0
113.2 0
113.3 0
113.4 0
113.5 0
113.6 0
113.7 0
113.8 0
113.9 0
114 0
114.1 0
114.2 0
114.3 0
114.4 0
114.5 0
114.6 0
114.7 0
114.8 0
114.9 0
115 0
115.1 0
115.2 0
115.3 0
115.4 0
115.5 0
115.6 0
115.7 0
115.8 0
115.9 0
116 0
116.1 0
116.2 0
116.3 0
116.4 0
116.5 0
116.6 0
116.7 0
116.8 0
116.9 0
117 0
117.1 0
117.2 0
117.3 0
117.4 0
117.5 0
117.6 0
117.7 0
117.8 0
117.9 0
118 0
118.1 0
118.2 0
118.3 0
118.4 0
118.5 0
118.6 0
118.7 0
118.8 0
118.9 0
119 0
119.1 0
119.2 0
119.3 0
119.4 0
119.5 0
119.6 0
119.7 0
119.8 0
119.9 0
120 0
120.1 10
120.2 10
120.3 10
120.4 10
120.5 10
120.6 10
120.7 10
120.8 10
120.9 10
121 10
121.1 10
121.2 10
121.3 10
121.4 10
121.5 10
121.6 10
121.7 10
121.8 10
121.9 10
122 10
122.1 10
122.2 10
122.3 10
122.4 10
122.5 10
122.6 10
122.7 10
122.8 10
122.9 10
123 10
123.1 10
123.2 10
123.3 10
123.4 10
123.5 10
123.6 10
123.7 10
123.8 10
123.9 10
124 10
124.1 10
124.2 10
124.3 10
124.4 10
124.5 10
124.6 10
124.7 10
124.8 10
124.9 10
125 10
125.1 10
125.2 10
125.3 10
125.4 10
125.5 10
125.6 10
125.7 10
125.8 10
125.9 10
126 10
126.1 10
126.2 10
126.3 10
126.4 10
126.5 10
126.6 10
126.7 10
126.8 10
126.9 10
127 10
127.1 10
127.2 10
127.3 10
127.4 10
127.5 10
127.6 10
127.7 10
127.8 10
127.9 10
128 10
128.1 10
128.2 10
128.3 10
128.4 10
128.5 10
128.6 10
128.7 10
128.8 10
128.9 10
129 10
129.1 10
129.2 10
129.3 10
129.4 10
129.5 10
129.6 10
129.7 10
129.8 10
129.9 10
130 10
130.1 0
130.2 0
130.3 0
130.4 0
130.5 0
130.6 0
130.7 0
130.8 0
130.9 0
131 0
131.1 0
131.2 0
131.3 0
131.4 0
131.5 0
131.6 0
131.7 0
131.8 0
131.9 0
132 0
132.1 0
132.2 0
132.3 0
132.4 0
132.5 0
132.6 0
132.7 0
132.8 0
132.9 0
133 0
133.1 0
133.2 0
133.3 0
133.4 0
133.5 0
133.6 0
133.7 0
133.8 0
133.9 0
134 0
134.1 0
134.2 0
134.3 0
134.4 0
134.5 0
134.6 0
134.7 0
134.8 0
134.9 0
135 0
135.1 0
135.2 0
135.3 0
135.4 0
135.5 0
135.6 0
135.7 0
135.8 0
135.9 0
136 0
136.1 0
136.2 0
136.3 0
136.4 0
136.5 0
136.6 0
136.7 0
136.8 0
136.9 0
137 0
137.1 0
137.2 0
137.3 0
137.4 0
137.5 0
137.6 0
137.7 0
137.8 0
137.9 0
138 0
138.1 0
138.2 0
138.3 0
138.4 0
138.5 0
138.6 0
138.7 0
138.8 0
138.9 0
139 0
139.1 0
139.2 0
139.3 0
139.4 0
139.5 0
139.6 0
139.7 0
139.8 0
139.9 0
140 0
140.1 0
140.2 0
140.3 0
140.4 0
140.5 0
140.6 0
140.7 0
140.8 0
140.9 0
141 0
141.1 0
141.2 0
141.3 0
141.4 0
141.5 0
141.6 0
141.7 0
141.8 0
141.9 0
142 0
142.1 0
142.2 0
142.3 0
142.4 0
142.5 0
142.6 0
142.7 0
142.8 0
142.9 0
143 0
143.1 0
143.2 0
143.3 0
143.4 0
143.5 0
143.6 0
143.7 0
143.8 0
143.9 0
144 0
144.1 0
144.2 0
144.3 0
144.4 0
144.5 0
144.6 0
144.7 0
144.8 0
144.9 0
145 0
145.1 0
145.2 0
145.3 0
145.4 0
145.5 0
145.6 0
145.7 0
145.8 0
145.9 0
146 0
146.1 0
146.2 0
146.3 0
146.4 0
146.5 0
146.6 0
146.7 0
146.8 0
146.9 0
147 0
147.1 0
147.2 0
147.3 0
147.4 0
147.5 0
147.6 0
147.7 0
147.8 0
147.9 0
148 0
148.1 0
148.2 0
148.3 0
148.4 0
148.5 0
148.6 0
148.7 0
148.8 0
148.9 0
149 0
149.1 0
149.2 0
149.3 0
149.4 0
149.5 0
149.6 0
149.7 0
149.8 0
149.9 0
150 0
150.1 0
150.2 0
150.3 0
150.4 0
150.5 0
150.6 0
150.7 0
150.8 0
150.9 0
151 0
151.1 0
151.2 0
151.3 0
151.4 0
151.5 0
151.6 0
151.7 0
151.8 0
151.9 0
152 0
152.1 0
152.2 0
152.3 0
152.4 0
152.5 0
152.6 0
152.7 0
152.8 0
152.9 0
153 0
153.1 0
153.2 0
153.3 0
153.4 0
153.5 0
153.6 0
153.7 0
153.8 0
153.9 0
154 0
154.1 0
154.2 0
154.3 0
154.4 0
154.5 0
154.6 0
154.7 0
154.8 0
154.9 0
155 0
155.1 0
155.2 0
155.3 0
155.4 0
155.5 0
155.6 0
155.7 0
155.8 0
155.9 0
156 0
156.1 0
156.2 0
156.3 0
156.4 0
156.5 0
156.6 0
156.7 0
156.8 0
156.9 0
157 0
157.1 0
157.2 0
157.3 0
157.4 0
157.5 0
157.6 0
157.7 0
157.8 0
157.9 0
158 0
158.1 0
158.2 0
158.3 0
158.4 0
158.5 0
158.6 0
158.7 0
158.8 0
158.9 0
159 0
159.1 0
159.2 0
159.3 0
159.4 0
159.5 0
159.6 0
159.7 0
159.8 0
159.9 0
160 0
